<?xml version="1.0" encoding="UTF-8"?>
<testng-results skipped="0" failed="0" ignored="0" total="0" passed="0">
  <reporter-output>
  </reporter-output>
  <suite name="com.runner.TestRunnerClass" duration-ms="5" started-at="2020-08-14T03:03:14Z" finished-at="2020-08-14T03:03:14Z">
    <groups>
    </groups>
    <test name="Command line test" duration-ms="5" started-at="2020-08-14T03:03:14Z" finished-at="2020-08-14T03:03:14Z">
    </test> <!-- Command line test -->
  </suite> <!-- com.runner.TestRunnerClass -->
</testng-results>
