<?xml version="1.0" encoding="UTF-8"?>
<testng-results skipped="0" failed="0" ignored="0" total="1" passed="1">
  <reporter-output>
  </reporter-output>
  <suite name="Default suite" duration-ms="5736" started-at="2020-08-14T03:01:23Z" finished-at="2020-08-14T03:01:29Z">
    <groups>
      <group name="cucumber">
        <method signature="AbstractTestNGCucumberTests.runScenario(cucumber.api.testng.PickleEventWrapper, cucumber.api.testng.CucumberFeatureWrapper)[pri:0, instance:com.runner.TestRunnerClass@3159c4b8]" name="runScenario" class="cucumber.api.testng.AbstractTestNGCucumberTests"/>
      </group> <!-- cucumber -->
    </groups>
    <test name="Default test" duration-ms="5736" started-at="2020-08-14T03:01:23Z" finished-at="2020-08-14T03:01:29Z">
      <class name="com.runner.TestRunnerClass">
        <test-method status="PASS" signature="setUpClass()[pri:0, instance:com.runner.TestRunnerClass@3159c4b8]" name="setUpClass" is-config="true" duration-ms="171" started-at="2020-08-14T03:01:23Z" finished-at="2020-08-14T03:01:24Z">
          <reporter-output>
          </reporter-output>
        </test-method> <!-- setUpClass -->
        <test-method status="PASS" signature="runScenario(cucumber.api.testng.PickleEventWrapper, cucumber.api.testng.CucumberFeatureWrapper)[pri:0, instance:com.runner.TestRunnerClass@3159c4b8]" name="runScenario" duration-ms="5443" started-at="2020-08-14T03:01:24Z" description="Runs Cucumber Scenarios" data-provider="scenarios" finished-at="2020-08-14T03:01:29Z">
          <params>
            <param index="0">
              <value>
                <![CDATA["verify the jira update issues"]]>
              </value>
            </param>
            <param index="1">
              <value>
                <![CDATA["Jira API validation"]]>
              </value>
            </param>
          </params>
          <reporter-output>
          </reporter-output>
        </test-method> <!-- runScenario -->
        <test-method status="PASS" signature="tearDownClass()[pri:0, instance:com.runner.TestRunnerClass@3159c4b8]" name="tearDownClass" is-config="true" duration-ms="55" started-at="2020-08-14T03:01:29Z" finished-at="2020-08-14T03:01:29Z">
          <reporter-output>
          </reporter-output>
        </test-method> <!-- tearDownClass -->
      </class> <!-- com.runner.TestRunnerClass -->
    </test> <!-- Default test -->
  </suite> <!-- Default suite -->
</testng-results>
